{"logTime": "0525/204006", "correlationVector":"OtjsQWZBJU6u+DuGMIf8jR.1","action":"SyncServerConnectionManagerRequest", "result":"SYNC_SERVER_OK", "context":{"environment":"Prod_centralus_prod-s01-068-nam-centralus", "migrationStage":"NotStarted", "server":"akswtt00800003k"}}
{"logTime": "0525/204006", "correlationVector":"OtjsQWZBJU6u+DuGMIf8jR.2","action":"ProcessGetUpdates", "result":"Done", "context":{"dataType":"Encryption Keys", "deleted":"0", "process_failed_to_decrypt":"0", "process_pending_decryption":"0", "process_success":"1", "total":"1"}}
{"logTime": "0525/204007", "correlationVector":"phOT761Bs/uCfb4kmkv6bu","action":"SyncServerConnectionManagerRequest", "result":"SYNC_SERVER_OK", "context":{"environment":"", "migrationStage":"", "server":""}}
{"logTime": "0525/204007", "correlationVector":"phOT761Bs/uCfb4kmkv6bu.0","action":"EncryptionKeysFetcher.DownloadKeys:", "result":"Success", "context":Key count: 10, Last key timestamp: 2025-04-28T00:50:55Z}
{"logTime": "0525/204007", "correlationVector":"phOT761Bs/uCfb4kmkv6bu.1","action":"EncryptionKeysManager::SetEncryptionKeys:", "result":"Success", "context":Key names[10]:[mOH37J9Z3Ut+jy7pD0sUtwk7oW1Dj32o6ugDRrB63o9BHvU3mxRtu0sCXdWDiLu10WcWLIDd5oySsKjH190DSw==][EU47QwRNLvhdoLf54BlC0BSF1hMeiIh8VEyWY497KFzD8XAsM1VwAa8bFAOmXdTrizarPewHY8dPJKTUaC/s4w==][wJo+pYKS6o43VIGpRR1c3Yfo4wse43tti2cc/P/7RclqQknpczc4HkrEFGnfje8A9Mp0LSqNc5X2EeE5TToMzA==][EDrrQ9idbJRtwqVIaQ7I3uH5ZAwYcTPShQlPkDMDIWbpXDxM1B7XZgdxO2lZR8oZUZmrshUt/aj7FNnNOBS0mw==][jxf7E3ltShAvL1SmDSRE/PCuPUdbgiDmR7k2E8Ji/rRj8uACGPY/5/zR/z6OmOHlDD49Wa3GvL8ODJ/GEWFqqA==][07I5HFH2JEEbCn1Cm8zHg2T0OYv2sA7ZMIl6LZlpaQwH94cUdNPA1q1t0p2pDaph3EKVBp42nz68usk11Q6DGA==][kM+pgcN8QHOSmXQ1iuwwvAB6fAAV08mF8D8a+H6e+FvEBM8SpRJQ9xGtHl49t9zSbDWXbHeZqOY/chhRCqCuCQ==][UWC/wxX1hnkgTfByh0dufwigIk7Zfdi+rkm2vt0v8/qvm7XULhnBZdAOWGEYB5iqYVWWIAXDZZOWOTsja5b6HQ==][Cx0enQeWDTTICecsdEsLFZ6JNOHvxIv9eMCfY3DyNlT6JFxhVdrWU7xFJ6E++ORAkjOPQ0Ar/xObwxAC5Mj16A==][q33Z/UbxmI5hVThG5hsLH72oYBFolMZrZyGcqjPkbmWZsR+mK0Bzi+eR5cKbkCkcrmfRGdvOPHUI97LJDbDfZA==]}
{"logTime": "0525/204007", "correlationVector":"phOT761Bs/uCfb4kmkv6bu.2","action":"EncryptionKeysManager::SetEncryptionKeysWithTimestamps:", "result":"Success", "context":Key timestamps[10]:[2023-10-14T23:37:29Z][2023-12-26T14:19:43Z][2024-05-22T14:58:40Z][2024-05-26T15:22:04Z][2024-06-09T13:20:58Z][2024-07-07T14:59:39Z][2024-08-16T22:50:06Z][2024-09-06T18:55:46Z][2024-10-29T18:30:47Z][2025-04-28T00:50:55Z]}
{"logTime": "0525/204007", "correlationVector":"OtjsQWZBJU6u+DuGMIf8jR","action":"Initial GetUpdates", "result":"", "context":Reason: NEW_CLIENT. cV=OtjsQWZBJU6u+DuGMIf8jR}
{"logTime": "0525/204007", "correlationVector":"OtjsQWZBJU6u+DuGMIf8jR.3","action":"GetUpdates Response", "result":"Success", "context":Received 1 update(s). cV=OtjsQWZBJU6u+DuGMIf8jR.0;server=akswtt00800003k;cloudType=Consumer;environment=Prod_centralus_prod-s01-068-nam-centralus;migrationStage=NotStarted}
{"logTime": "0525/204007", "correlationVector":"FP9eL+FNLwbQNLSJk87ltF","action":"Initial GetUpdates", "result":"", "context":Reason: NEWLY_SUPPORTED_DATATYPE. cV=FP9eL+FNLwbQNLSJk87ltF}
{"logTime": "0525/204008", "correlationVector":"FP9eL+FNLwbQNLSJk87ltF.1","action":"SyncServerConnectionManagerRequest", "result":"SYNC_SERVER_OK", "context":{"environment":"Prod_centralus_prod-s01-068-nam-centralus", "migrationStage":"NotStarted", "server":"akswtt008000013"}}
{"logTime": "0525/204008", "correlationVector":"FP9eL+FNLwbQNLSJk87ltF.2","action":"ProcessGetUpdates", "result":"Done", "context":{"dataType":"Preferences", "deleted":"5", "process_failed_to_decrypt":"0", "process_pending_decryption":"0", "process_success":"99", "total":"99"}}
{"logTime": "0525/204008", "correlationVector":"FP9eL+FNLwbQNLSJk87ltF.3","action":"ProcessGetUpdates", "result":"Done", "context":{"dataType":"Passwords", "deleted":"1", "process_failed_to_decrypt":"0", "process_pending_decryption":"0", "process_success":"41", "total":"41"}}
{"logTime": "0525/204008", "correlationVector":"FP9eL+FNLwbQNLSJk87ltF.4","action":"ProcessGetUpdates", "result":"Done", "context":{"dataType":"Device Info", "deleted":"0", "process_failed_to_decrypt":"0", "process_pending_decryption":"0", "process_success":"22", "total":"22"}}
{"logTime": "0525/204008", "correlationVector":"FP9eL+FNLwbQNLSJk87ltF.5","action":"GetUpdates Response", "result":"Success", "context":Received 162 update(s). cV=FP9eL+FNLwbQNLSJk87ltF.0;server=akswtt008000013;cloudType=Consumer;environment=Prod_centralus_prod-s01-068-nam-centralus;migrationStage=NotStarted}
{"logTime": "0525/204008", "correlationVector":"4S8Hk8Ez+//LBAEsVtOYpv","action":"Initial GetUpdates", "result":"", "context":Reason: NEWLY_SUPPORTED_DATATYPE. cV=4S8Hk8Ez+//LBAEsVtOYpv}
{"logTime": "0525/204008", "correlationVector":"4S8Hk8Ez+//LBAEsVtOYpv.1","action":"SyncServerConnectionManagerRequest", "result":"SYNC_SERVER_OK", "context":{"environment":"Prod_centralus_prod-s01-068-nam-centralus", "migrationStage":"NotStarted", "server":"akswtt00800003k"}}
{"logTime": "0525/204008", "correlationVector":"4S8Hk8Ez+//LBAEsVtOYpv.2","action":"ProcessGetUpdates", "result":"Done", "context":{"dataType":"Bookmarks", "deleted":"0", "process_failed_to_decrypt":"0", "process_pending_decryption":"0", "process_success":"37", "total":"37"}}
{"logTime": "0525/204008", "correlationVector":"4S8Hk8Ez+//LBAEsVtOYpv.3","action":"GetUpdates Response", "result":"Success", "context":Received 37 update(s). cV=4S8Hk8Ez+//LBAEsVtOYpv.0;server=akswtt00800003k;cloudType=Consumer;environment=Prod_centralus_prod-s01-068-nam-centralus;migrationStage=NotStarted}
{"logTime": "0525/204008", "correlationVector":"qZof2JWeqSez+Mn5bGKDzq","action":"Initial GetUpdates", "result":"", "context":Reason: NEWLY_SUPPORTED_DATATYPE. cV=qZof2JWeqSez+Mn5bGKDzq}
{"logTime": "0525/204009", "correlationVector":"qZof2JWeqSez+Mn5bGKDzq.1","action":"SyncServerConnectionManagerRequest", "result":"SYNC_SERVER_OK", "context":{"environment":"Prod_centralus_prod-s01-068-nam-centralus", "migrationStage":"NotStarted", "server":"akswtt00800001e"}}
{"logTime": "0525/204009", "correlationVector":"qZof2JWeqSez+Mn5bGKDzq.2","action":"ProcessGetUpdates", "result":"Done", "context":{"dataType":"Autofill Profiles", "deleted":"2", "process_failed_to_decrypt":"0", "process_pending_decryption":"0", "process_success":"9", "total":"9"}}
{"logTime": "0525/204009", "correlationVector":"qZof2JWeqSez+Mn5bGKDzq.3","action":"ProcessGetUpdates", "result":"Done", "context":{"dataType":"Autofill", "deleted":"0", "process_failed_to_decrypt":"0", "process_pending_decryption":"0", "process_success":"217", "total":"217"}}
{"logTime": "0525/204009", "correlationVector":"qZof2JWeqSez+Mn5bGKDzq.4","action":"ProcessGetUpdates", "result":"Done", "context":{"dataType":"Extensions", "deleted":"0", "process_failed_to_decrypt":"0", "process_pending_decryption":"0", "process_success":"2", "total":"2"}}
{"logTime": "0525/204009", "correlationVector":"qZof2JWeqSez+Mn5bGKDzq.5","action":"ProcessGetUpdates", "result":"Done", "context":{"dataType":"Sessions", "deleted":"4", "process_failed_to_decrypt":"0", "process_pending_decryption":"0", "process_success":"4", "total":"4"}}
{"logTime": "0525/204009", "correlationVector":"qZof2JWeqSez+Mn5bGKDzq.6","action":"ProcessGetUpdates", "result":"Done", "context":{"dataType":"Web Apps", "deleted":"0", "process_failed_to_decrypt":"0", "process_pending_decryption":"0", "process_success":"1", "total":"1"}}
{"logTime": "0525/204009", "correlationVector":"qZof2JWeqSez+Mn5bGKDzq.7","action":"ProcessGetUpdates", "result":"Done", "context":{"dataType":"Edge Hub App Usage", "deleted":"8", "process_failed_to_decrypt":"0", "process_pending_decryption":"0", "process_success":"17", "total":"17"}}
{"logTime": "0525/204009", "correlationVector":"qZof2JWeqSez+Mn5bGKDzq.8","action":"GetUpdates Response", "result":"Success", "context":Received 250 update(s). cV=qZof2JWeqSez+Mn5bGKDzq.0;server=akswtt00800001e;cloudType=Consumer;environment=Prod_centralus_prod-s01-068-nam-centralus;migrationStage=NotStarted Some updates remain.}
{"logTime": "0525/204009", "correlationVector":"phxEZWrfYWW8WFvZT0SYqa","action":"Initial GetUpdates", "result":"", "context":Reason: NEWLY_SUPPORTED_DATATYPE. cV=phxEZWrfYWW8WFvZT0SYqa}
{"logTime": "0525/204009", "correlationVector":"phxEZWrfYWW8WFvZT0SYqa.1","action":"SyncServerConnectionManagerRequest", "result":"SYNC_SERVER_OK", "context":{"environment":"Prod_centralus_prod-s01-068-nam-centralus", "migrationStage":"NotStarted", "server":"akswtt00800002j"}}
{"logTime": "0525/204009", "correlationVector":"phxEZWrfYWW8WFvZT0SYqa.2","action":"ProcessGetUpdates", "result":"Done", "context":{"dataType":"Autofill", "deleted":"0", "process_failed_to_decrypt":"0", "process_pending_decryption":"0", "process_success":"250", "total":"250"}}
{"logTime": "0525/204009", "correlationVector":"phxEZWrfYWW8WFvZT0SYqa.3","action":"GetUpdates Response", "result":"Success", "context":Received 250 update(s). cV=phxEZWrfYWW8WFvZT0SYqa.0;server=akswtt00800002j;cloudType=Consumer;environment=Prod_centralus_prod-s01-068-nam-centralus;migrationStage=NotStarted Some updates remain.}
{"logTime": "0525/204009", "correlationVector":"ALk4HCq2amvmLdn3PnBuse","action":"Initial GetUpdates", "result":"", "context":Reason: NEWLY_SUPPORTED_DATATYPE. cV=ALk4HCq2amvmLdn3PnBuse}
{"logTime": "0525/204010", "correlationVector":"ALk4HCq2amvmLdn3PnBuse.1","action":"SyncServerConnectionManagerRequest", "result":"SYNC_SERVER_OK", "context":{"environment":"Prod_centralus_prod-s01-068-nam-centralus", "migrationStage":"NotStarted", "server":"akswtt00800001e"}}
{"logTime": "0525/204010", "correlationVector":"ALk4HCq2amvmLdn3PnBuse.2","action":"ProcessGetUpdates", "result":"Done", "context":{"dataType":"Autofill", "deleted":"0", "process_failed_to_decrypt":"0", "process_pending_decryption":"0", "process_success":"250", "total":"250"}}
{"logTime": "0525/204010", "correlationVector":"ALk4HCq2amvmLdn3PnBuse.3","action":"GetUpdates Response", "result":"Success", "context":Received 250 update(s). cV=ALk4HCq2amvmLdn3PnBuse.0;server=akswtt00800001e;cloudType=Consumer;environment=Prod_centralus_prod-s01-068-nam-centralus;migrationStage=NotStarted Some updates remain.}
{"logTime": "0525/204010", "correlationVector":"DSb0NWXCgvHijPPxsJtgv7","action":"Initial GetUpdates", "result":"", "context":Reason: NEWLY_SUPPORTED_DATATYPE. cV=DSb0NWXCgvHijPPxsJtgv7}
{"logTime": "0525/204010", "correlationVector":"DSb0NWXCgvHijPPxsJtgv7.1","action":"SyncServerConnectionManagerRequest", "result":"SYNC_SERVER_OK", "context":{"environment":"Prod_centralus_prod-s01-068-nam-centralus", "migrationStage":"NotStarted", "server":"akswtt00800002j"}}
{"logTime": "0525/204010", "correlationVector":"DSb0NWXCgvHijPPxsJtgv7.2","action":"ProcessGetUpdates", "result":"Done", "context":{"dataType":"Autofill Profiles", "deleted":"1", "process_failed_to_decrypt":"0", "process_pending_decryption":"0", "process_success":"6", "total":"6"}}
{"logTime": "0525/204010", "correlationVector":"DSb0NWXCgvHijPPxsJtgv7.3","action":"ProcessGetUpdates", "result":"Done", "context":{"dataType":"Autofill", "deleted":"0", "process_failed_to_decrypt":"0", "process_pending_decryption":"0", "process_success":"230", "total":"230"}}
{"logTime": "0525/204010", "correlationVector":"DSb0NWXCgvHijPPxsJtgv7.4","action":"ProcessGetUpdates", "result":"Done", "context":{"dataType":"Extensions", "deleted":"0", "process_failed_to_decrypt":"0", "process_pending_decryption":"0", "process_success":"1", "total":"1"}}
{"logTime": "0525/204010", "correlationVector":"DSb0NWXCgvHijPPxsJtgv7.5","action":"ProcessGetUpdates", "result":"Done", "context":{"dataType":"Sessions", "deleted":"7", "process_failed_to_decrypt":"0", "process_pending_decryption":"0", "process_success":"8", "total":"8"}}
{"logTime": "0525/204010", "correlationVector":"DSb0NWXCgvHijPPxsJtgv7.6","action":"ProcessGetUpdates", "result":"Done", "context":{"dataType":"Edge Hub App Usage", "deleted":"4", "process_failed_to_decrypt":"0", "process_pending_decryption":"0", "process_success":"5", "total":"5"}}
{"logTime": "0525/204010", "correlationVector":"DSb0NWXCgvHijPPxsJtgv7.7","action":"GetUpdates Response", "result":"Success", "context":Received 250 update(s). cV=DSb0NWXCgvHijPPxsJtgv7.0;server=akswtt00800002j;cloudType=Consumer;environment=Prod_centralus_prod-s01-068-nam-centralus;migrationStage=NotStarted Some updates remain.}
{"logTime": "0525/204010", "correlationVector":"6CiBTRJe3TXYU8HrbiWs7f","action":"Initial GetUpdates", "result":"", "context":Reason: NEWLY_SUPPORTED_DATATYPE. cV=6CiBTRJe3TXYU8HrbiWs7f}
{"logTime": "0525/204010", "correlationVector":"6CiBTRJe3TXYU8HrbiWs7f.1","action":"SyncServerConnectionManagerRequest", "result":"SYNC_SERVER_OK", "context":{"environment":"Prod_centralus_prod-s01-068-nam-centralus", "migrationStage":"NotStarted", "server":"akswtt00800003z"}}
{"logTime": "0525/204010", "correlationVector":"6CiBTRJe3TXYU8HrbiWs7f.2","action":"ProcessGetUpdates", "result":"Done", "context":{"dataType":"Autofill", "deleted":"0", "process_failed_to_decrypt":"0", "process_pending_decryption":"0", "process_success":"2", "total":"2"}}
{"logTime": "0525/204010", "correlationVector":"6CiBTRJe3TXYU8HrbiWs7f.3","action":"GetUpdates Response", "result":"Success", "context":Received 2 update(s). cV=6CiBTRJe3TXYU8HrbiWs7f.0;server=akswtt00800003z;cloudType=Consumer;environment=Prod_centralus_prod-s01-068-nam-centralus;migrationStage=NotStarted}
{"logTime": "0525/204010", "correlationVector":"hRgJrDLNuGM6VIXosuQcLS","action":"Initial GetUpdates", "result":"", "context":Reason: NEWLY_SUPPORTED_DATATYPE. cV=hRgJrDLNuGM6VIXosuQcLS}
{"logTime": "0525/204010", "correlationVector":"hRgJrDLNuGM6VIXosuQcLS.1","action":"SyncServerConnectionManagerRequest", "result":"SYNC_SERVER_OK", "context":{"environment":"Prod_centralus_prod-s01-068-nam-centralus", "migrationStage":"NotStarted", "server":"akswtt008000013"}}
{"logTime": "0525/204010", "correlationVector":"hRgJrDLNuGM6VIXosuQcLS.2","action":"ProcessGetUpdates", "result":"Done", "context":{"dataType":"History", "deleted":"0", "process_failed_to_decrypt":"0", "process_pending_decryption":"0", "process_success":"23", "total":"23"}}
{"logTime": "0525/204010", "correlationVector":"hRgJrDLNuGM6VIXosuQcLS.3","action":"GetUpdates Response", "result":"Success", "context":Received 23 update(s). cV=hRgJrDLNuGM6VIXosuQcLS.0;server=akswtt008000013;cloudType=Consumer;environment=Prod_centralus_prod-s01-068-nam-centralus;migrationStage=NotStarted}
{"logTime": "0525/204010", "correlationVector":"qI+I2TAAhetSC8iCPO7IFj","action":"Normal GetUpdate request", "result":"", "context":cV=qI+I2TAAhetSC8iCPO7IFj
Nudged types: Sessions, Device Info, User Consents
Refresh requested types: Bookmarks, Preferences, Passwords, Autofill Profiles, Autofill, Extensions, Sessions, Extension settings, History Delete Directives, Device Info, User Consents, Send Tab To Self, Web Apps, History, Saved Tab Group, Collection, Edge E Drop, Edge Hub App Usage, Edge Tab Group, Edge Wallet, Encryption Keys}
{"logTime": "0525/204011", "correlationVector":"qI+I2TAAhetSC8iCPO7IFj.1","action":"SyncServerConnectionManagerRequest", "result":"SYNC_SERVER_OK", "context":{"environment":"Prod_centralus_prod-s01-068-nam-centralus", "migrationStage":"NotStarted", "server":"akswtt008000013"}}
{"logTime": "0525/204011", "correlationVector":"qI+I2TAAhetSC8iCPO7IFj.2","action":"GetUpdates Response", "result":"Success", "context":Received 0 update(s). cV=qI+I2TAAhetSC8iCPO7IFj.0;server=akswtt008000013;cloudType=Consumer;environment=Prod_centralus_prod-s01-068-nam-centralus;migrationStage=NotStarted}
{"logTime": "0525/204011", "correlationVector":"HGu3sOyiXM2oMUh0Ubk+KV","action":"DoCompareDataConsistency requsted types: ", "result":"Bookmarks, Preferences, Passwords, Extensions, Extension settings, History Delete Directives, Send Tab To Self, Web Apps, History, Saved Tab Group, Collection, Edge E Drop, Edge Tab Group, Edge Wallet, Encryption Keys"}
{"logTime": "0525/204011", "correlationVector":"HGu3sOyiXM2oMUh0Ubk+KV.0","action":"CompareDataConsistency result: ", "result":"Compare result: Encryption Keys is consistent. local entities count is: 1 local entities hash is: yvHXUDl1fbuFly94gaMq1fZqdm0="}
{"logTime": "0525/204011", "correlationVector":"HGu3sOyiXM2oMUh0Ubk+KV.1","action":"CompareDataConsistency result: ", "result":"Compare result: Bookmarks is consistent. local entities count is: 32 local entities hash is: iIjlw1zaWvysIhqt2XQgn057LZc="}
{"logTime": "0525/204011", "correlationVector":"HGu3sOyiXM2oMUh0Ubk+KV.2","action":"CompareDataConsistency result: ", "result":"Compare result: Preferences is consistent. local entities count is: 94 local entities hash is: uUmHtReAiHcboDkWzxtwVicqOYQ="}
{"logTime": "0525/204011", "correlationVector":"HGu3sOyiXM2oMUh0Ubk+KV.3","action":"CompareDataConsistency result: ", "result":"Compare result: Extensions is consistent. local entities count is: 3 local entities hash is: WhSb2ttPXzUxIB7xdPmuzZ7yeWw="}
{"logTime": "0525/204011", "correlationVector":"HGu3sOyiXM2oMUh0Ubk+KV.4","action":"CompareDataConsistency result: ", "result":"Compare result: Extension settings is consistent. local entities count is: 0 local entities hash is: "}
{"logTime": "0525/204011", "correlationVector":"HGu3sOyiXM2oMUh0Ubk+KV.5","action":"CompareDataConsistency result: ", "result":"Compare result: History Delete Directives is consistent. local entities count is: 0 local entities hash is: "}
{"logTime": "0525/204011", "correlationVector":"HGu3sOyiXM2oMUh0Ubk+KV.6","action":"CompareDataConsistency result: ", "result":"Server did not send this Send Tab To Self local entities count is: 0 local entities hash is: "}
{"logTime": "0525/204011", "correlationVector":"HGu3sOyiXM2oMUh0Ubk+KV.7","action":"CompareDataConsistency result: ", "result":"Compare result: Web Apps is consistent. local entities count is: 1 local entities hash is: Jq0rmC+q/ky9Hbqj4YNVRanbxYo="}
{"logTime": "0525/204011", "correlationVector":"HGu3sOyiXM2oMUh0Ubk+KV.8","action":"CompareDataConsistency result: ", "result":"Server did not send this History local entities count is: 0 local entities hash is: "}
{"logTime": "0525/204011", "correlationVector":"HGu3sOyiXM2oMUh0Ubk+KV.9","action":"CompareDataConsistency result: ", "result":"Compare result: Saved Tab Group is consistent. local entities count is: 0 local entities hash is: "}
{"logTime": "0525/204011", "correlationVector":"HGu3sOyiXM2oMUh0Ubk+KV.10","action":"CompareDataConsistency result: ", "result":"Compare result: Collection is consistent. local entities count is: 0 local entities hash is: "}
{"logTime": "0525/204011", "correlationVector":"HGu3sOyiXM2oMUh0Ubk+KV.11","action":"CompareDataConsistency result: ", "result":"Compare result: Edge E Drop is consistent. local entities count is: 0 local entities hash is: "}
{"logTime": "0525/204011", "correlationVector":"HGu3sOyiXM2oMUh0Ubk+KV.12","action":"CompareDataConsistency result: ", "result":"Compare result: Edge Tab Group is consistent. local entities count is: 0 local entities hash is: "}
{"logTime": "0525/204011", "correlationVector":"HGu3sOyiXM2oMUh0Ubk+KV.13","action":"CompareDataConsistency result: ", "result":"Compare result: Edge Wallet is consistent. local entities count is: 0 local entities hash is: "}
{"logTime": "0525/204011", "correlationVector":"HGu3sOyiXM2oMUh0Ubk+KV.14","action":"CompareDataConsistency result: ", "result":"Compare result: Passwords is consistent. local entities count is: 40 local entities hash is: 3PfIaYo+JjqRAW11FPlifoRLxms="}
{"logTime": "0525/204011", "correlationVector":"9lNQUdqQyRtKzkCSLmMkHm","action":"Commit Request", "result":"", "context":Item count: 4
Contributing types: Sessions, Device Info, User Consents}
{"logTime": "0525/204011", "correlationVector":"9lNQUdqQyRtKzkCSLmMkHm.1","action":"SyncServerConnectionManagerRequest", "result":"SYNC_SERVER_OK", "context":{"environment":"Prod_centralus_prod-s01-068-nam-centralus", "migrationStage":"NotStarted", "server":"akswtt00800003k"}}
{"logTime": "0525/204011", "correlationVector":"9lNQUdqQyRtKzkCSLmMkHm.2","action":"Commit Response", "result":"Success", "context":Result: Success. cV=9lNQUdqQyRtKzkCSLmMkHm.0;server=akswtt00800003k;cloudType=Consumer;environment=Prod_centralus_prod-s01-068-nam-centralus;migrationStage=NotStarted}
{"logTime": "0525/204011", "correlationVector":"","action":"DIAGNOSTIC_REQUEST|v1/diagnosticData/Diagnostic.SendCheckResult()|SUCCESS", "result":""}
{"logTime": "0525/204015", "correlationVector":"QM3T+wN1oGQkUI6asR3CZp","action":"Commit Request", "result":"", "context":Item count: 40
Contributing types: Preferences, Passwords, History}
{"logTime": "0525/204017", "correlationVector":"QM3T+wN1oGQkUI6asR3CZp.1","action":"SyncServerConnectionManagerRequest", "result":"SYNC_SERVER_OK", "context":{"environment":"Prod_centralus_prod-s01-068-nam-centralus", "migrationStage":"NotStarted", "server":"akswtt00800002j"}}
{"logTime": "0525/204017", "correlationVector":"QM3T+wN1oGQkUI6asR3CZp.2","action":"Commit Response", "result":"Success", "context":Result: Success. cV=QM3T+wN1oGQkUI6asR3CZp.0;server=akswtt00800002j;cloudType=Consumer;environment=Prod_centralus_prod-s01-068-nam-centralus;migrationStage=NotStarted}
{"logTime": "0525/204017", "correlationVector":"d3cWsx1KkrxzMwow08UELc","action":"Commit Request", "result":"", "context":Item count: 1
Contributing types: User Consents}
{"logTime": "0525/204017", "correlationVector":"d3cWsx1KkrxzMwow08UELc.1","action":"SyncServerConnectionManagerRequest", "result":"SYNC_SERVER_OK", "context":{"environment":"Prod_centralus_prod-s01-068-nam-centralus", "migrationStage":"NotStarted", "server":"akswtt008000023"}}
{"logTime": "0525/204017", "correlationVector":"d3cWsx1KkrxzMwow08UELc.2","action":"Commit Response", "result":"Success", "context":Result: Success. cV=d3cWsx1KkrxzMwow08UELc.0;server=akswtt008000023;cloudType=Consumer;environment=Prod_centralus_prod-s01-068-nam-centralus;migrationStage=NotStarted}
